FlashLight/app/manifest-merger-release-report.txt
-- Merging decision tree log ---
manifest
ADDED from AndroidManifest.xml:2:1
	package
		ADDED from AndroidManifest.xml:3:5
		INJECTED from AndroidManifest.xml:0:0
		INJECTED from AndroidManifest.xml:0:0
	android:versionName
		INJECTED from AndroidManifest.xml:0:0
		INJECTED from AndroidManifest.xml:0:0
	xmlns:android
		ADDED from AndroidManifest.xml:2:11
	android:versionCode
		INJECTED from AndroidManifest.xml:0:0
		INJECTED from AndroidManifest.xml:0:0
uses-permission#android.permission.INTERNET
ADDED from AndroidManifest.xml:5:5
	android:name
		ADDED from AndroidManifest.xml:5:22
uses-permission#android.permission.ACCESS_NETWORK_STATE
ADDED from AndroidManifest.xml:6:5
	android:name
		ADDED from AndroidManifest.xml:6:22
uses-permission#android.permission.CAMERA
ADDED from AndroidManifest.xml:7:5
	android:name
		ADDED from AndroidManifest.xml:7:22
uses-feature#android.hardware.camera
ADDED from AndroidManifest.xml:8:5
	android:name
		ADDED from AndroidManifest.xml:8:19
uses-feature#android.hardware.camera.autofocus
ADDED from AndroidManifest.xml:9:5
	android:name
		ADDED from AndroidManifest.xml:9:19
uses-permission#android.permission.WRITE_EXTERNAL_STORAGE
ADDED from AndroidManifest.xml:10:5
	android:name
		ADDED from AndroidManifest.xml:10:22
application
ADDED from AndroidManifest.xml:12:5
MERGED from com.android.support:support-v4:21.0.3:16:5
MERGED from com.android.support:appcompat-v7:21.0.3:16:5
MERGED from com.android.support:support-v4:21.0.3:16:5
MERGED from com.google.android.gms:play-services:6.5.87:20:5
MERGED from com.android.support:support-v4:21.0.3:16:5
MERGED from com.android.support:support-v4:21.0.3:16:5
	android:label
		ADDED from AndroidManifest.xml:15:9
	android:allowBackup
		ADDED from AndroidManifest.xml:13:9
	android:icon
		ADDED from AndroidManifest.xml:14:9
	android:theme
		ADDED from AndroidManifest.xml:17:9
	android:name
		ADDED from AndroidManifest.xml:16:9
activity#com.connectivityapps.flashlight.MainActivity
ADDED from AndroidManifest.xml:18:9
	android:screenOrientation
		ADDED from AndroidManifest.xml:20:13
	android:label
		ADDED from AndroidManifest.xml:21:13
	android:name
		ADDED from AndroidManifest.xml:19:13
intent-filter#android.intent.action.MAIN+android.intent.category.LAUNCHER
ADDED from AndroidManifest.xml:22:13
action#android.intent.action.MAIN
ADDED from AndroidManifest.xml:23:17
	android:name
		ADDED from AndroidManifest.xml:23:25
category#android.intent.category.LAUNCHER
ADDED from AndroidManifest.xml:25:17
	android:name
		ADDED from AndroidManifest.xml:25:27
activity#com.connectivityapps.flashlight.Settings
ADDED from AndroidManifest.xml:28:9
	android:screenOrientation
		ADDED from AndroidManifest.xml:28:44
	android:theme
		ADDED from AndroidManifest.xml:28:81
	android:name
		ADDED from AndroidManifest.xml:28:19
activity#com.connectivityapps.flashlight.AboutActivity
ADDED from AndroidManifest.xml:29:9
	android:screenOrientation
		ADDED from AndroidManifest.xml:29:49
	android:theme
		ADDED from AndroidManifest.xml:29:86
	android:name
		ADDED from AndroidManifest.xml:29:19
activity#com.connectivityapps.flashlight.KillActivity
ADDED from AndroidManifest.xml:30:9
	android:screenOrientation
		ADDED from AndroidManifest.xml:30:48
	android:theme
		ADDED from AndroidManifest.xml:30:85
	android:name
		ADDED from AndroidManifest.xml:30:19
activity#com.connectivityapps.flashlight.FullScreenActivity
ADDED from AndroidManifest.xml:31:9
	android:screenOrientation
		ADDED from AndroidManifest.xml:31:54
	android:theme
		ADDED from AndroidManifest.xml:31:91
	android:name
		ADDED from AndroidManifest.xml:31:19
activity#com.connectivityapps.flashlight.SosFullScreenActivity
ADDED from AndroidManifest.xml:32:9
	android:screenOrientation
		ADDED from AndroidManifest.xml:32:57
	android:theme
		ADDED from AndroidManifest.xml:32:94
	android:name
		ADDED from AndroidManifest.xml:32:19
activity#com.mopub.mobileads.MoPubActivity
ADDED from AndroidManifest.xml:33:9
	android:configChanges
		ADDED from AndroidManifest.xml:33:68
	android:name
		ADDED from AndroidManifest.xml:33:19
activity#com.mopub.mobileads.MraidActivity
ADDED from AndroidManifest.xml:34:9
	android:configChanges
		ADDED from AndroidManifest.xml:34:68
	android:name
		ADDED from AndroidManifest.xml:34:19
activity#com.mopub.common.MoPubBrowser
ADDED from AndroidManifest.xml:35:9
	android:configChanges
		ADDED from AndroidManifest.xml:35:64
	android:name
		ADDED from AndroidManifest.xml:35:19
activity#com.mopub.mobileads.MraidVideoPlayerActivity
ADDED from AndroidManifest.xml:36:9
	android:configChanges
		ADDED from AndroidManifest.xml:36:79
	android:name
		ADDED from AndroidManifest.xml:36:19
activity#com.google.android.gms.ads.AdActivity
ADDED from AndroidManifest.xml:37:9
	android:configChanges
		ADDED from AndroidManifest.xml:37:72
	android:name
		ADDED from AndroidManifest.xml:37:19
meta-data#com.google.android.gms.version
ADDED from AndroidManifest.xml:40:9
MERGED from com.google.android.gms:play-services:6.5.87:21:9
	android:value
		ADDED from AndroidManifest.xml:41:13
	android:name
		ADDED from AndroidManifest.xml:40:20
uses-sdk
INJECTED from AndroidManifest.xml:0:0 reason: use-sdk injection requested
MERGED from com.android.support:support-v4:21.0.3:15:5
MERGED from com.android.support:appcompat-v7:21.0.3:15:5
MERGED from com.android.support:support-v4:21.0.3:15:5
MERGED from com.google.android.gms:play-services:6.5.87:18:5
MERGED from com.android.support:support-v4:21.0.3:15:5
MERGED from com.mopub:mopub-sdk:unspecified:7:5
MERGED from com.android.support:support-v4:21.0.3:15:5
	android:targetSdkVersion
		INJECTED from AndroidManifest.xml:0:0
		INJECTED from AndroidManifest.xml:0:0
	android:minSdkVersion
		INJECTED from AndroidManifest.xml:0:0
		INJECTED from AndroidManifest.xml:0:0